<?xml version="1.0" encoding="UTF-8"?>
<!-- Generated by org.testng.reporters.JUnitReportReporter -->
<testsuite hostname="DESKTOP-0U1FAIF" failures="0" tests="5" name="tests.test2.CardTest" time="16.771" errors="0" timestamp="2020-02-14T19:39:20 MSK" skipped="0">
  <testcase classname="tests.test2.CardTest" name="openHomePage" time="9.947"/>
  <system-out/>
  <testcase classname="tests.test2.CardTest" name="goToCard" time="4.711"/>
  <system-out/>
  <testcase classname="tests.test2.CardTest" name="fill_firstName_phoneNumber_email" time="1.365"/>
  <system-out/>
  <testcase classname="tests.test2.CardTest" name="selectCreditRegion" time="0.553"/>
  <system-out/>
  <testcase classname="tests.test2.CardTest" name="chooseSecondNameCheckBox" time="0.195"/>
  <system-out/>
</testsuite> <!-- tests.test2.CardTest -->
