<?xml version="1.0" encoding="UTF-8"?>
<!-- Generated by org.testng.reporters.JUnitReportReporter -->
<testsuite hostname="DESKTOP-0U1FAIF" failures="0" tests="6" name="tests.test1.ContributionTest" time="18.442" errors="0" timestamp="2020-02-14T19:39:20 MSK" skipped="0">
  <testcase classname="tests.test1.ContributionTest" name="changeDepositCheckbox" time="0.182"/>
  <system-out/>
  <testcase classname="tests.test1.ContributionTest" name="getTermsDocument" time="0.604"/>
  <system-out/>
  <testcase classname="tests.test1.ContributionTest" name="redirectToContributions" time="6.202"/>
  <system-out/>
  <testcase classname="tests.test1.ContributionTest" name="changeAmountOfDeposit" time="0.210"/>
  <system-out/>
  <testcase classname="tests.test1.ContributionTest" name="openHomePage" time="10.617"/>
  <system-out/>
  <testcase classname="tests.test1.ContributionTest" name="changePeriodSlider" time="0.627"/>
  <system-out/>
</testsuite> <!-- tests.test1.ContributionTest -->
