<?xml version="1.0" encoding="UTF-8"?>
<!-- Generated by org.testng.reporters.JUnitReportReporter -->
<testsuite hostname="DESKTOP-0U1FAIF" failures="0" tests="5" name="tests.test2.CardTest" time="31.684" errors="0" timestamp="14 февр. 2020 17:42:58 GMT" skipped="0">
  <testcase classname="tests.test2.CardTest" name="chooseSecondNameCheckBox" time="0.159"/>
  <testcase classname="tests.test2.CardTest" name="selectCreditRegion" time="0.588"/>
  <testcase classname="tests.test2.CardTest" name="fill_firstName_phoneNumber_email" time="1.314"/>
  <testcase classname="tests.test2.CardTest" name="openHomePage" time="14.507"/>
  <testcase classname="tests.test2.CardTest" name="goToCard" time="15.116"/>
</testsuite> <!-- tests.test2.CardTest -->
