<?xml version="1.0" encoding="UTF-8"?>
<!-- Generated by org.testng.reporters.JUnitReportReporter -->
<testsuite hostname="DESKTOP-0U1FAIF" failures="0" tests="6" name="tests.test1.ContributionTest" time="26.402" errors="0" timestamp="14 февр. 2020 17:42:58 GMT" skipped="0">
  <testcase classname="tests.test1.ContributionTest" name="changePeriodSlider" time="0.592"/>
  <testcase classname="tests.test1.ContributionTest" name="getTermsDocument" time="0.542"/>
  <testcase classname="tests.test1.ContributionTest" name="openHomePage" time="13.391"/>
  <testcase classname="tests.test1.ContributionTest" name="changeDepositCheckbox" time="0.198"/>
  <testcase classname="tests.test1.ContributionTest" name="changeAmountOfDeposit" time="0.407"/>
  <testcase classname="tests.test1.ContributionTest" name="redirectToContributions" time="11.272"/>
</testsuite> <!-- tests.test1.ContributionTest -->
